<?xml version="1.0" encoding="UTF-8"?>
<testsuite xmlns:xsi="http://www.w3.org/2001/XMLSchema-instance" xsi:noNamespaceSchemaLocation="https://maven.apache.org/surefire/maven-surefire-plugin/xsd/surefire-test-report-3.0.xsd" version="3.0" name="com.example.TestExmpleMulti" time="0.163" tests="3" errors="0" skipped="0" failures="0">
  <properties>
[...]
</properties>
  <testcase name="testMethod1" classname="com.example.TestExmpleMulti" time="0.001">
    <system-out><![CDATA[Setting up the test...
Running setup before each test...
Test Case 1 Passed!
]]></system-out>
  </testcase>
  <testcase name="testMethod2" classname="com.example.TestExmpleMulti" time="0.0">
    <system-out><![CDATA[Running setup before each test...
Test Case 2 Passed!
]]></system-out>
  </testcase>
  <testcase name="testMethod3" classname="com.example.TestExmpleMulti" time="0.0">
    <system-out><![CDATA[Running setup before each test...
Test Case 3 Passed!
]]></system-out>
  </testcase>
</testsuite>